<?xml version="1.0" encoding="UTF-8"?>
<!-- Generated by org.testng.reporters.JUnitXMLReporter -->
<testsuite ignored="4" hostname="LTIN487229" failures="0" tests="30" name="ChromeTest" time="168.496" errors="0" timestamp="2024-04-14T15:22:16 IST">
  <testcase classname="testCase.TS_03_ValidationSergeriesPage" name="contactDetails" time="2.98"/>
  <testcase classname="testCase.TS_01_ValidationOfHomePage" name="logoValidation" time="0.543"/>
  <testcase classname="testCase.TS_02_ValidationOfScheduling" name="isHealthIsClickable" time="13.125"/>
  <testcase classname="testCase.TS_04_ValidationOfLabTest" name="isLabTestclickable" time="11.933"/>
  <testcase classname="io.cucumber.testng.AbstractTestNGCucumberTests" name="runScenario" time="26.104"/>
  <testcase classname="testCase.TS_03_ValidationSergeriesPage" name="practoCareBenifits" time="2.413"/>
  <testcase classname="testCase.TS_04_ValidationOfLabTest" name="topCitiesBlockAvailable" time="4.655"/>
  <testcase classname="testCase.TS_02_ValidationOfScheduling" name="withAllValidDetails" time="4.64"/>
  <testcase classname="testCase.TS_01_ValidationOfHomePage" name="downloadValidation" time="0.283"/>
  <testcase classname="io.cucumber.testng.AbstractTestNGCucumberTests" name="runScenario" time="17.553"/>
  <testcase classname="testCase.TS_03_ValidationSergeriesPage" name="howItWorks" time="2.124"/>
  <testcase classname="testCase.TS_01_ValidationOfHomePage" name="copyRightValidation" time="0.293"/>
  <testcase classname="testCase.TS_04_ValidationOfLabTest" name="allCitiesBlockAvailable" time="5.009"/>
  <testcase classname="testCase.TS_02_ValidationOfScheduling" name="withAllValidDetails" time="3.896"/>
  <testcase classname="io.cucumber.testng.AbstractTestNGCucumberTests" name="runScenario" time="16.048"/>
  <testcase classname="testCase.TS_01_ValidationOfHomePage" name="loginValidation" time="1.877"/>
  <testcase classname="testCase.TS_03_ValidationSergeriesPage" name="allSurgeries" time="4.581"/>
  <testcase classname="testCase.TS_04_ValidationOfLabTest" name="needHelpBlockValidation" time="5.195"/>
  <testcase classname="testCase.TS_02_ValidationOfScheduling" name="withAllValidDetails" time="4.182"/>
  <testcase classname="testCase.TS_01_ValidationOfHomePage" name="functionalityValidation" time="1.214"/>
  <testcase classname="testCase.TS_03_ValidationSergeriesPage" name="allDepartment" time="2.459"/>
  <testcase classname="testCase.TS_02_ValidationOfScheduling" name="withAllValidDetails" time="3.771"/>
  <testcase classname="testCase.TS_04_ValidationOfLabTest" name="addToCartValidation" time="9.577"/>
  <testcase classname="io.cucumber.testng.AbstractTestNGCucumberTests" name="runScenario" time="35.123"/>
  <testcase classname="testCase.TS_05_ValidationOfSearchPage" name="dropDownVerification" time="19.925"/>
  <testcase classname="testCase.TS_02_ValidationOfScheduling" name="validationOfThankYouMessage" time="13.925"/>
  <testcase classname="testCase.TS_05_ValidationOfSearchPage" name="professionVerification" time="19.787"/>
  <testcase classname="testCase.TS_05_ValidationOfSearchPage" name="professionValidation" time="4.088"/>
  <testcase classname="testCase.TS_05_ValidationOfSearchPage" name="userVerification" time="3.141"/>
  <testcase classname="testCase.TS_05_ValidationOfSearchPage" name="verifyLocation" time="4.821"/>
  <testcase classname="testBase.BaseClass" name="@BeforeSuite beforeSuite" time="0.0">
    <ignored/>
  </testcase> <!-- @BeforeSuite beforeSuite -->
  <testcase classname="testBase.BaseClass" name="@BeforeSuite beforeSuite" time="0.0">
    <ignored/>
  </testcase> <!-- @BeforeSuite beforeSuite -->
  <testcase classname="testBase.BaseClass" name="@BeforeSuite beforeSuite" time="0.0">
    <ignored/>
  </testcase> <!-- @BeforeSuite beforeSuite -->
  <testcase classname="testBase.BaseClass" name="@BeforeSuite beforeSuite" time="0.0">
    <ignored/>
  </testcase> <!-- @BeforeSuite beforeSuite -->
</testsuite> <!-- ChromeTest -->
