<?xml version="1.0" encoding="UTF-8"?>
<!-- Generated by org.testng.reporters.JUnitXMLReporter -->
<testsuite ignored="4" hostname="LTIN487229" failures="0" tests="30" name="EdgeTest" time="183.617" errors="0" timestamp="2024-04-14T15:25:20 IST">
  <testcase classname="testCase.TS_01_ValidationOfHomePage" name="logoValidation" time="0.497"/>
  <testcase classname="testCase.TS_02_ValidationOfScheduling" name="isHealthIsClickable" time="2.98"/>
  <testcase classname="testCase.TS_04_ValidationOfLabTest" name="isLabTestclickable" time="11.576"/>
  <testcase classname="testCase.TS_03_ValidationSergeriesPage" name="contactDetails" time="2.999"/>
  <testcase classname="io.cucumber.testng.AbstractTestNGCucumberTests" name="runScenario" time="23.519"/>
  <testcase classname="testCase.TS_01_ValidationOfHomePage" name="downloadValidation" time="0.273"/>
  <testcase classname="testCase.TS_03_ValidationSergeriesPage" name="practoCareBenifits" time="6.093"/>
  <testcase classname="testCase.TS_01_ValidationOfHomePage" name="copyRightValidation" time="0.479"/>
  <testcase classname="testCase.TS_02_ValidationOfScheduling" name="withAllValidDetails" time="7.177"/>
  <testcase classname="io.cucumber.testng.AbstractTestNGCucumberTests" name="runScenario" time="19.557"/>
  <testcase classname="testCase.TS_04_ValidationOfLabTest" name="topCitiesBlockAvailable" time="6.323"/>
  <testcase classname="testCase.TS_03_ValidationSergeriesPage" name="howItWorks" time="2.562"/>
  <testcase classname="testCase.TS_01_ValidationOfHomePage" name="loginValidation" time="0.443"/>
  <testcase classname="io.cucumber.testng.AbstractTestNGCucumberTests" name="runScenario" time="13.115"/>
  <testcase classname="testCase.TS_02_ValidationOfScheduling" name="withAllValidDetails" time="4.352"/>
  <testcase classname="testCase.TS_04_ValidationOfLabTest" name="allCitiesBlockAvailable" time="5.686"/>
  <testcase classname="testCase.TS_01_ValidationOfHomePage" name="functionalityValidation" time="0.567"/>
  <testcase classname="testCase.TS_03_ValidationSergeriesPage" name="allSurgeries" time="3.037"/>
  <testcase classname="testCase.TS_04_ValidationOfLabTest" name="needHelpBlockValidation" time="9.534"/>
  <testcase classname="testCase.TS_03_ValidationSergeriesPage" name="allDepartment" time="3.943"/>
  <testcase classname="testCase.TS_02_ValidationOfScheduling" name="withAllValidDetails" time="4.698"/>
  <testcase classname="io.cucumber.testng.AbstractTestNGCucumberTests" name="runScenario" time="41.859"/>
  <testcase classname="testCase.TS_02_ValidationOfScheduling" name="withAllValidDetails" time="3.505"/>
  <testcase classname="testCase.TS_04_ValidationOfLabTest" name="addToCartValidation" time="9.262"/>
  <testcase classname="testCase.TS_05_ValidationOfSearchPage" name="dropDownVerification" time="20.989"/>
  <testcase classname="testCase.TS_02_ValidationOfScheduling" name="validationOfThankYouMessage" time="13.906"/>
  <testcase classname="testCase.TS_05_ValidationOfSearchPage" name="professionVerification" time="19.262"/>
  <testcase classname="testCase.TS_05_ValidationOfSearchPage" name="professionValidation" time="5.216"/>
  <testcase classname="testCase.TS_05_ValidationOfSearchPage" name="userVerification" time="4.1"/>
  <testcase classname="testCase.TS_05_ValidationOfSearchPage" name="verifyLocation" time="5.05"/>
  <testcase classname="testBase.BaseClass" name="@BeforeSuite beforeSuite" time="0.0">
    <ignored/>
  </testcase> <!-- @BeforeSuite beforeSuite -->
  <testcase classname="testBase.BaseClass" name="@BeforeSuite beforeSuite" time="0.0">
    <ignored/>
  </testcase> <!-- @BeforeSuite beforeSuite -->
  <testcase classname="testBase.BaseClass" name="@BeforeSuite beforeSuite" time="0.0">
    <ignored/>
  </testcase> <!-- @BeforeSuite beforeSuite -->
  <testcase classname="testBase.BaseClass" name="@BeforeSuite beforeSuite" time="0.0">
    <ignored/>
  </testcase> <!-- @BeforeSuite beforeSuite -->
</testsuite> <!-- EdgeTest -->
