<?xml version="1.0" encoding="UTF-8"?>
<testng-results ignored="0" total="60" passed="60" failed="0" skipped="0">
  <reporter-output>
  </reporter-output>
  <suite started-at="2024-04-14T15:19:28 IST" name="Suite" finished-at="2024-04-14T15:25:20 IST" duration-ms="352383">
    <groups>
      <group name="cucumber">
        <method signature="AbstractTestNGCucumberTests.runScenario(io.cucumber.testng.PickleWrapper,io.cucumber.testng.FeatureWrapper)[pri:0, instance:testRunner.Runner@c05fddc]" name="runScenario" class="io.cucumber.testng.AbstractTestNGCucumberTests"/>
        <method signature="AbstractTestNGCucumberTests.runScenario(io.cucumber.testng.PickleWrapper,io.cucumber.testng.FeatureWrapper)[pri:0, instance:testRunner.Runner@d2de489]" name="runScenario" class="io.cucumber.testng.AbstractTestNGCucumberTests"/>
      </group> <!-- cucumber -->
    </groups>
    <test started-at="2024-04-14T15:19:28 IST" name="ChromeTest" finished-at="2024-04-14T15:22:16 IST" duration-ms="168496">
      <class name="testCase.TS_04_ValidationOfLabTest">
        <test-method is-config="true" signature="beforeMethod(java.lang.String)[pri:0, instance:testCase.TS_04_ValidationOfLabTest@69c81773]" started-at="2024-04-14T15:19:28 IST" name="beforeMethod" finished-at="2024-04-14T15:19:39 IST" duration-ms="11403" status="PASS">
          <params>
            <param index="0">
              <value>
                <![CDATA[Chrome]]>
              </value>
            </param>
          </params>
          <reporter-output>
          </reporter-output>
        </test-method> <!-- beforeMethod -->
        <test-method signature="isLabTestclickable()[pri:16, instance:testCase.TS_04_ValidationOfLabTest@69c81773]" started-at="2024-04-14T15:19:39 IST" name="isLabTestclickable" finished-at="2024-04-14T15:19:51 IST" duration-ms="11933" status="PASS">
          <reporter-output>
          </reporter-output>
        </test-method> <!-- isLabTestclickable -->
        <test-method is-config="true" signature="tearDown()[pri:0, instance:testCase.TS_04_ValidationOfLabTest@69c81773]" started-at="2024-04-14T15:19:51 IST" name="tearDown" finished-at="2024-04-14T15:19:54 IST" duration-ms="3033" status="PASS">
          <reporter-output>
          </reporter-output>
        </test-method> <!-- tearDown -->
        <test-method is-config="true" signature="beforeMethod(java.lang.String)[pri:0, instance:testCase.TS_04_ValidationOfLabTest@69c81773]" started-at="2024-04-14T15:19:54 IST" name="beforeMethod" finished-at="2024-04-14T15:20:04 IST" duration-ms="9711" status="PASS">
          <params>
            <param index="0">
              <value>
                <![CDATA[Chrome]]>
              </value>
            </param>
          </params>
          <reporter-output>
          </reporter-output>
        </test-method> <!-- beforeMethod -->
        <test-method signature="topCitiesBlockAvailable()[pri:17, instance:testCase.TS_04_ValidationOfLabTest@69c81773]" started-at="2024-04-14T15:20:04 IST" name="topCitiesBlockAvailable" finished-at="2024-04-14T15:20:09 IST" duration-ms="4655" status="PASS">
          <reporter-output>
          </reporter-output>
        </test-method> <!-- topCitiesBlockAvailable -->
        <test-method is-config="true" signature="tearDown()[pri:0, instance:testCase.TS_04_ValidationOfLabTest@69c81773]" started-at="2024-04-14T15:20:09 IST" name="tearDown" finished-at="2024-04-14T15:20:12 IST" duration-ms="3408" status="PASS">
          <reporter-output>
          </reporter-output>
        </test-method> <!-- tearDown -->
        <test-method is-config="true" signature="beforeMethod(java.lang.String)[pri:0, instance:testCase.TS_04_ValidationOfLabTest@69c81773]" started-at="2024-04-14T15:20:12 IST" name="beforeMethod" finished-at="2024-04-14T15:20:19 IST" duration-ms="7094" status="PASS">
          <params>
            <param index="0">
              <value>
                <![CDATA[Chrome]]>
              </value>
            </param>
          </params>
          <reporter-output>
          </reporter-output>
        </test-method> <!-- beforeMethod -->
        <test-method signature="allCitiesBlockAvailable()[pri:18, instance:testCase.TS_04_ValidationOfLabTest@69c81773]" started-at="2024-04-14T15:20:19 IST" name="allCitiesBlockAvailable" finished-at="2024-04-14T15:20:24 IST" duration-ms="5009" status="PASS">
          <reporter-output>
          </reporter-output>
        </test-method> <!-- allCitiesBlockAvailable -->
        <test-method is-config="true" signature="tearDown()[pri:0, instance:testCase.TS_04_ValidationOfLabTest@69c81773]" started-at="2024-04-14T15:20:24 IST" name="tearDown" finished-at="2024-04-14T15:20:27 IST" duration-ms="2877" status="PASS">
          <reporter-output>
          </reporter-output>
        </test-method> <!-- tearDown -->
        <test-method is-config="true" signature="beforeMethod(java.lang.String)[pri:0, instance:testCase.TS_04_ValidationOfLabTest@69c81773]" started-at="2024-04-14T15:20:27 IST" name="beforeMethod" finished-at="2024-04-14T15:20:35 IST" duration-ms="7946" status="PASS">
          <params>
            <param index="0">
              <value>
                <![CDATA[Chrome]]>
              </value>
            </param>
          </params>
          <reporter-output>
          </reporter-output>
        </test-method> <!-- beforeMethod -->
        <test-method signature="needHelpBlockValidation()[pri:19, instance:testCase.TS_04_ValidationOfLabTest@69c81773]" started-at="2024-04-14T15:20:35 IST" name="needHelpBlockValidation" finished-at="2024-04-14T15:20:40 IST" duration-ms="5195" status="PASS">
          <reporter-output>
          </reporter-output>
        </test-method> <!-- needHelpBlockValidation -->
        <test-method is-config="true" signature="tearDown()[pri:0, instance:testCase.TS_04_ValidationOfLabTest@69c81773]" started-at="2024-04-14T15:20:40 IST" name="tearDown" finished-at="2024-04-14T15:20:43 IST" duration-ms="2530" status="PASS">
          <reporter-output>
          </reporter-output>
        </test-method> <!-- tearDown -->
        <test-method is-config="true" signature="beforeMethod(java.lang.String)[pri:0, instance:testCase.TS_04_ValidationOfLabTest@69c81773]" started-at="2024-04-14T15:20:43 IST" name="beforeMethod" finished-at="2024-04-14T15:20:50 IST" duration-ms="7179" status="PASS">
          <params>
            <param index="0">
              <value>
                <![CDATA[Chrome]]>
              </value>
            </param>
          </params>
          <reporter-output>
          </reporter-output>
        </test-method> <!-- beforeMethod -->
        <test-method signature="addToCartValidation()[pri:20, instance:testCase.TS_04_ValidationOfLabTest@69c81773]" started-at="2024-04-14T15:20:50 IST" name="addToCartValidation" finished-at="2024-04-14T15:21:00 IST" duration-ms="9577" status="PASS">
          <reporter-output>
          </reporter-output>
        </test-method> <!-- addToCartValidation -->
        <test-method is-config="true" signature="tearDown()[pri:0, instance:testCase.TS_04_ValidationOfLabTest@69c81773]" started-at="2024-04-14T15:21:00 IST" name="tearDown" finished-at="2024-04-14T15:21:02 IST" duration-ms="2455" status="PASS">
          <reporter-output>
          </reporter-output>
        </test-method> <!-- tearDown -->
      </class> <!-- testCase.TS_04_ValidationOfLabTest -->
      <class name="testCase.TS_02_ValidationOfScheduling">
        <test-method is-config="true" signature="beforeMethod(java.lang.String)[pri:0, instance:testCase.TS_02_ValidationOfScheduling@dc7df28]" started-at="2024-04-14T15:19:28 IST" name="beforeMethod" finished-at="2024-04-14T15:19:37 IST" duration-ms="9393" status="PASS">
          <params>
            <param index="0">
              <value>
                <![CDATA[Chrome]]>
              </value>
            </param>
          </params>
          <reporter-output>
          </reporter-output>
        </test-method> <!-- beforeMethod -->
        <test-method signature="isHealthIsClickable()[pri:6, instance:testCase.TS_02_ValidationOfScheduling@dc7df28]" started-at="2024-04-14T15:19:37 IST" name="isHealthIsClickable" finished-at="2024-04-14T15:19:51 IST" duration-ms="13125" status="PASS">
          <reporter-output>
          </reporter-output>
        </test-method> <!-- isHealthIsClickable -->
        <test-method is-config="true" signature="tearDown()[pri:0, instance:testCase.TS_02_ValidationOfScheduling@dc7df28]" started-at="2024-04-14T15:19:51 IST" name="tearDown" finished-at="2024-04-14T15:19:54 IST" duration-ms="3489" status="PASS">
          <reporter-output>
          </reporter-output>
        </test-method> <!-- tearDown -->
        <test-method is-config="true" signature="beforeMethod(java.lang.String)[pri:0, instance:testCase.TS_02_ValidationOfScheduling@dc7df28]" started-at="2024-04-14T15:19:55 IST" name="beforeMethod" finished-at="2024-04-14T15:20:06 IST" duration-ms="11085" status="PASS">
          <params>
            <param index="0">
              <value>
                <![CDATA[Chrome]]>
              </value>
            </param>
          </params>
          <reporter-output>
          </reporter-output>
        </test-method> <!-- beforeMethod -->
        <test-method signature="withAllValidDetails([Ljava.lang.String;)[pri:7, instance:testCase.TS_02_ValidationOfScheduling@dc7df28]" started-at="2024-04-14T15:20:06 IST" name="withAllValidDetails" data-provider="data" finished-at="2024-04-14T15:20:11 IST" duration-ms="4640" status="PASS">
          <params>
            <param index="0">
              <value>
                <![CDATA[[Ljava.lang.String;@588ab592]]>
              </value>
            </param>
          </params>
          <reporter-output>
          </reporter-output>
        </test-method> <!-- withAllValidDetails -->
        <test-method is-config="true" signature="tearDown()[pri:0, instance:testCase.TS_02_ValidationOfScheduling@dc7df28]" started-at="2024-04-14T15:20:11 IST" name="tearDown" finished-at="2024-04-14T15:20:13 IST" duration-ms="2628" status="PASS">
          <reporter-output>
          </reporter-output>
        </test-method> <!-- tearDown -->
        <test-method is-config="true" signature="beforeMethod(java.lang.String)[pri:0, instance:testCase.TS_02_ValidationOfScheduling@dc7df28]" started-at="2024-04-14T15:20:13 IST" name="beforeMethod" finished-at="2024-04-14T15:20:23 IST" duration-ms="9323" status="PASS">
          <params>
            <param index="0">
              <value>
                <![CDATA[Chrome]]>
              </value>
            </param>
          </params>
          <reporter-output>
          </reporter-output>
        </test-method> <!-- beforeMethod -->
        <test-method signature="withAllValidDetails([Ljava.lang.String;)[pri:7, instance:testCase.TS_02_ValidationOfScheduling@dc7df28]" started-at="2024-04-14T15:20:23 IST" name="withAllValidDetails" data-provider="data" finished-at="2024-04-14T15:20:27 IST" duration-ms="3896" status="PASS">
          <params>
            <param index="0">
              <value>
                <![CDATA[[Ljava.lang.String;@3e2fc448]]>
              </value>
            </param>
          </params>
          <reporter-output>
          </reporter-output>
        </test-method> <!-- withAllValidDetails -->
        <test-method is-config="true" signature="tearDown()[pri:0, instance:testCase.TS_02_ValidationOfScheduling@dc7df28]" started-at="2024-04-14T15:20:27 IST" name="tearDown" finished-at="2024-04-14T15:20:30 IST" duration-ms="3140" status="PASS">
          <reporter-output>
          </reporter-output>
        </test-method> <!-- tearDown -->
        <test-method is-config="true" signature="beforeMethod(java.lang.String)[pri:0, instance:testCase.TS_02_ValidationOfScheduling@dc7df28]" started-at="2024-04-14T15:20:30 IST" name="beforeMethod" finished-at="2024-04-14T15:20:38 IST" duration-ms="7886" status="PASS">
          <params>
            <param index="0">
              <value>
                <![CDATA[Chrome]]>
              </value>
            </param>
          </params>
          <reporter-output>
          </reporter-output>
        </test-method> <!-- beforeMethod -->
        <test-method signature="withAllValidDetails([Ljava.lang.String;)[pri:7, instance:testCase.TS_02_ValidationOfScheduling@dc7df28]" started-at="2024-04-14T15:20:38 IST" name="withAllValidDetails" data-provider="data" finished-at="2024-04-14T15:20:42 IST" duration-ms="4182" status="PASS">
          <params>
            <param index="0">
              <value>
                <![CDATA[[Ljava.lang.String;@c8b96ec]]>
              </value>
            </param>
          </params>
          <reporter-output>
          </reporter-output>
        </test-method> <!-- withAllValidDetails -->
        <test-method is-config="true" signature="tearDown()[pri:0, instance:testCase.TS_02_ValidationOfScheduling@dc7df28]" started-at="2024-04-14T15:20:42 IST" name="tearDown" finished-at="2024-04-14T15:20:46 IST" duration-ms="3818" status="PASS">
          <reporter-output>
          </reporter-output>
        </test-method> <!-- tearDown -->
        <test-method is-config="true" signature="beforeMethod(java.lang.String)[pri:0, instance:testCase.TS_02_ValidationOfScheduling@dc7df28]" started-at="2024-04-14T15:20:46 IST" name="beforeMethod" finished-at="2024-04-14T15:20:52 IST" duration-ms="6369" status="PASS">
          <params>
            <param index="0">
              <value>
                <![CDATA[Chrome]]>
              </value>
            </param>
          </params>
          <reporter-output>
          </reporter-output>
        </test-method> <!-- beforeMethod -->
        <test-method signature="withAllValidDetails([Ljava.lang.String;)[pri:7, instance:testCase.TS_02_ValidationOfScheduling@dc7df28]" started-at="2024-04-14T15:20:52 IST" name="withAllValidDetails" data-provider="data" finished-at="2024-04-14T15:20:56 IST" duration-ms="3771" status="PASS">
          <params>
            <param index="0">
              <value>
                <![CDATA[[Ljava.lang.String;@21680803]]>
              </value>
            </param>
          </params>
          <reporter-output>
          </reporter-output>
        </test-method> <!-- withAllValidDetails -->
        <test-method is-config="true" signature="tearDown()[pri:0, instance:testCase.TS_02_ValidationOfScheduling@dc7df28]" started-at="2024-04-14T15:20:56 IST" name="tearDown" finished-at="2024-04-14T15:20:58 IST" duration-ms="2105" status="PASS">
          <reporter-output>
          </reporter-output>
        </test-method> <!-- tearDown -->
        <test-method is-config="true" signature="beforeMethod(java.lang.String)[pri:0, instance:testCase.TS_02_ValidationOfScheduling@dc7df28]" started-at="2024-04-14T15:20:58 IST" name="beforeMethod" finished-at="2024-04-14T15:21:03 IST" duration-ms="4851" status="PASS">
          <params>
            <param index="0">
              <value>
                <![CDATA[Chrome]]>
              </value>
            </param>
          </params>
          <reporter-output>
          </reporter-output>
        </test-method> <!-- beforeMethod -->
        <test-method signature="validationOfThankYouMessage()[pri:8, instance:testCase.TS_02_ValidationOfScheduling@dc7df28]" started-at="2024-04-14T15:21:03 IST" name="validationOfThankYouMessage" finished-at="2024-04-14T15:21:17 IST" duration-ms="13925" status="PASS">
          <reporter-output>
          </reporter-output>
        </test-method> <!-- validationOfThankYouMessage -->
        <test-method is-config="true" signature="tearDown()[pri:0, instance:testCase.TS_02_ValidationOfScheduling@dc7df28]" started-at="2024-04-14T15:21:17 IST" name="tearDown" finished-at="2024-04-14T15:21:19 IST" duration-ms="2770" status="PASS">
          <reporter-output>
          </reporter-output>
        </test-method> <!-- tearDown -->
      </class> <!-- testCase.TS_02_ValidationOfScheduling -->
      <class name="testRunner.Runner">
        <test-method is-config="true" signature="setUpClass(org.testng.ITestContext)[pri:0, instance:testRunner.Runner@c05fddc]" started-at="2024-04-14T15:19:28 IST" name="setUpClass" finished-at="2024-04-14T15:19:29 IST" duration-ms="1183" status="PASS">
          <params>
            <param index="0">
              <value>
                <![CDATA[org.testng.TestRunner@6c44052e]]>
              </value>
            </param>
          </params>
          <reporter-output>
          </reporter-output>
        </test-method> <!-- setUpClass -->
        <test-method signature="runScenario(io.cucumber.testng.PickleWrapper,io.cucumber.testng.FeatureWrapper)[pri:0, instance:testRunner.Runner@c05fddc]" started-at="2024-04-14T15:19:29 IST" name="runScenario" description="Runs Cucumber Scenarios" data-provider="scenarios" finished-at="2024-04-14T15:19:55 IST" duration-ms="26104" status="PASS">
          <params>
            <param index="0">
              <value>
                <![CDATA["Login-button Disabled"]]>
              </value>
            </param>
            <param index="1">
              <value>
                <![CDATA["Validation of Schedule a Demo Form"]]>
              </value>
            </param>
          </params>
          <reporter-output>
          </reporter-output>
        </test-method> <!-- runScenario -->
        <test-method signature="runScenario(io.cucumber.testng.PickleWrapper,io.cucumber.testng.FeatureWrapper)[pri:0, instance:testRunner.Runner@c05fddc]" started-at="2024-04-14T15:19:55 IST" name="runScenario" description="Runs Cucumber Scenarios" data-provider="scenarios" finished-at="2024-04-14T15:20:13 IST" duration-ms="17553" status="PASS">
          <params>
            <param index="0">
              <value>
                <![CDATA["Login-button Disabled"]]>
              </value>
            </param>
            <param index="1">
              <value>
                <![CDATA["Validation of Schedule a Demo Form"]]>
              </value>
            </param>
          </params>
          <reporter-output>
          </reporter-output>
        </test-method> <!-- runScenario -->
        <test-method signature="runScenario(io.cucumber.testng.PickleWrapper,io.cucumber.testng.FeatureWrapper)[pri:0, instance:testRunner.Runner@c05fddc]" started-at="2024-04-14T15:20:13 IST" name="runScenario" description="Runs Cucumber Scenarios" data-provider="scenarios" finished-at="2024-04-14T15:20:29 IST" duration-ms="16048" status="PASS">
          <params>
            <param index="0">
              <value>
                <![CDATA["Login-button Disabled"]]>
              </value>
            </param>
            <param index="1">
              <value>
                <![CDATA["Validation of Schedule a Demo Form"]]>
              </value>
            </param>
          </params>
          <reporter-output>
          </reporter-output>
        </test-method> <!-- runScenario -->
        <test-method signature="runScenario(io.cucumber.testng.PickleWrapper,io.cucumber.testng.FeatureWrapper)[pri:0, instance:testRunner.Runner@c05fddc]" started-at="2024-04-14T15:20:29 IST" name="runScenario" description="Runs Cucumber Scenarios" data-provider="scenarios" finished-at="2024-04-14T15:21:04 IST" duration-ms="35123" status="PASS">
          <params>
            <param index="0">
              <value>
                <![CDATA["Login-button enabled"]]>
              </value>
            </param>
            <param index="1">
              <value>
                <![CDATA["Validation of Schedule a Demo Form"]]>
              </value>
            </param>
          </params>
          <reporter-output>
          </reporter-output>
        </test-method> <!-- runScenario -->
        <test-method is-config="true" signature="tearDownClass()[pri:0, instance:testRunner.Runner@c05fddc]" started-at="2024-04-14T15:21:04 IST" name="tearDownClass" finished-at="2024-04-14T15:21:06 IST" duration-ms="1935" status="PASS">
          <reporter-output>
          </reporter-output>
        </test-method> <!-- tearDownClass -->
      </class> <!-- testRunner.Runner -->
      <class name="testCase.TS_03_ValidationSergeriesPage">
        <test-method is-config="true" signature="beforeMethod(java.lang.String)[pri:0, instance:testCase.TS_03_ValidationSergeriesPage@30f842ca]" started-at="2024-04-14T15:19:28 IST" name="beforeMethod" finished-at="2024-04-14T15:19:45 IST" duration-ms="16540" status="PASS">
          <params>
            <param index="0">
              <value>
                <![CDATA[Chrome]]>
              </value>
            </param>
          </params>
          <reporter-output>
          </reporter-output>
        </test-method> <!-- beforeMethod -->
        <test-method signature="contactDetails()[pri:11, instance:testCase.TS_03_ValidationSergeriesPage@30f842ca]" started-at="2024-04-14T15:19:45 IST" name="contactDetails" finished-at="2024-04-14T15:19:48 IST" duration-ms="2980" status="PASS">
          <reporter-output>
          </reporter-output>
        </test-method> <!-- contactDetails -->
        <test-method is-config="true" signature="tearDown()[pri:0, instance:testCase.TS_03_ValidationSergeriesPage@30f842ca]" started-at="2024-04-14T15:19:48 IST" name="tearDown" finished-at="2024-04-14T15:19:54 IST" duration-ms="5872" status="PASS">
          <reporter-output>
          </reporter-output>
        </test-method> <!-- tearDown -->
        <test-method is-config="true" signature="beforeMethod(java.lang.String)[pri:0, instance:testCase.TS_03_ValidationSergeriesPage@30f842ca]" started-at="2024-04-14T15:19:54 IST" name="beforeMethod" finished-at="2024-04-14T15:20:04 IST" duration-ms="10575" status="PASS">
          <params>
            <param index="0">
              <value>
                <![CDATA[Chrome]]>
              </value>
            </param>
          </params>
          <reporter-output>
          </reporter-output>
        </test-method> <!-- beforeMethod -->
        <test-method signature="practoCareBenifits()[pri:12, instance:testCase.TS_03_ValidationSergeriesPage@30f842ca]" started-at="2024-04-14T15:20:04 IST" name="practoCareBenifits" finished-at="2024-04-14T15:20:06 IST" duration-ms="2413" status="PASS">
          <reporter-output>
          </reporter-output>
        </test-method> <!-- practoCareBenifits -->
        <test-method is-config="true" signature="tearDown()[pri:0, instance:testCase.TS_03_ValidationSergeriesPage@30f842ca]" started-at="2024-04-14T15:20:07 IST" name="tearDown" finished-at="2024-04-14T15:20:11 IST" duration-ms="4767" status="PASS">
          <reporter-output>
          </reporter-output>
        </test-method> <!-- tearDown -->
        <test-method is-config="true" signature="beforeMethod(java.lang.String)[pri:0, instance:testCase.TS_03_ValidationSergeriesPage@30f842ca]" started-at="2024-04-14T15:20:11 IST" name="beforeMethod" finished-at="2024-04-14T15:20:17 IST" duration-ms="5726" status="PASS">
          <params>
            <param index="0">
              <value>
                <![CDATA[Chrome]]>
              </value>
            </param>
          </params>
          <reporter-output>
          </reporter-output>
        </test-method> <!-- beforeMethod -->
        <test-method signature="howItWorks()[pri:13, instance:testCase.TS_03_ValidationSergeriesPage@30f842ca]" started-at="2024-04-14T15:20:17 IST" name="howItWorks" finished-at="2024-04-14T15:20:19 IST" duration-ms="2124" status="PASS">
          <reporter-output>
          </reporter-output>
        </test-method> <!-- howItWorks -->
        <test-method is-config="true" signature="tearDown()[pri:0, instance:testCase.TS_03_ValidationSergeriesPage@30f842ca]" started-at="2024-04-14T15:20:19 IST" name="tearDown" finished-at="2024-04-14T15:20:25 IST" duration-ms="6105" status="PASS">
          <reporter-output>
          </reporter-output>
        </test-method> <!-- tearDown -->
        <test-method is-config="true" signature="beforeMethod(java.lang.String)[pri:0, instance:testCase.TS_03_ValidationSergeriesPage@30f842ca]" started-at="2024-04-14T15:20:25 IST" name="beforeMethod" finished-at="2024-04-14T15:20:32 IST" duration-ms="7064" status="PASS">
          <params>
            <param index="0">
              <value>
                <![CDATA[Chrome]]>
              </value>
            </param>
          </params>
          <reporter-output>
          </reporter-output>
        </test-method> <!-- beforeMethod -->
        <test-method signature="allSurgeries()[pri:14, instance:testCase.TS_03_ValidationSergeriesPage@30f842ca]" started-at="2024-04-14T15:20:32 IST" name="allSurgeries" finished-at="2024-04-14T15:20:37 IST" duration-ms="4581" status="PASS">
          <reporter-output>
          </reporter-output>
        </test-method> <!-- allSurgeries -->
        <test-method is-config="true" signature="tearDown()[pri:0, instance:testCase.TS_03_ValidationSergeriesPage@30f842ca]" started-at="2024-04-14T15:20:37 IST" name="tearDown" finished-at="2024-04-14T15:20:41 IST" duration-ms="3677" status="PASS">
          <reporter-output>
          </reporter-output>
        </test-method> <!-- tearDown -->
        <test-method is-config="true" signature="beforeMethod(java.lang.String)[pri:0, instance:testCase.TS_03_ValidationSergeriesPage@30f842ca]" started-at="2024-04-14T15:20:41 IST" name="beforeMethod" finished-at="2024-04-14T15:20:47 IST" duration-ms="6043" status="PASS">
          <params>
            <param index="0">
              <value>
                <![CDATA[Chrome]]>
              </value>
            </param>
          </params>
          <reporter-output>
          </reporter-output>
        </test-method> <!-- beforeMethod -->
        <test-method signature="allDepartment()[pri:15, instance:testCase.TS_03_ValidationSergeriesPage@30f842ca]" started-at="2024-04-14T15:20:47 IST" name="allDepartment" finished-at="2024-04-14T15:20:49 IST" duration-ms="2459" status="PASS">
          <reporter-output>
          </reporter-output>
        </test-method> <!-- allDepartment -->
        <test-method is-config="true" signature="tearDown()[pri:0, instance:testCase.TS_03_ValidationSergeriesPage@30f842ca]" started-at="2024-04-14T15:20:49 IST" name="tearDown" finished-at="2024-04-14T15:20:51 IST" duration-ms="2427" status="PASS">
          <reporter-output>
          </reporter-output>
        </test-method> <!-- tearDown -->
      </class> <!-- testCase.TS_03_ValidationSergeriesPage -->
      <class name="testCase.TS_05_ValidationOfSearchPage">
        <test-method is-config="true" signature="beforeMethod(java.lang.String)[pri:0, instance:testCase.TS_05_ValidationOfSearchPage@4d14b6c2]" started-at="2024-04-14T15:20:50 IST" name="beforeMethod" finished-at="2024-04-14T15:20:56 IST" duration-ms="6010" status="PASS">
          <params>
            <param index="0">
              <value>
                <![CDATA[Chrome]]>
              </value>
            </param>
          </params>
          <reporter-output>
          </reporter-output>
        </test-method> <!-- beforeMethod -->
        <test-method signature="dropDownVerification()[pri:21, instance:testCase.TS_05_ValidationOfSearchPage@4d14b6c2]" started-at="2024-04-14T15:20:56 IST" name="dropDownVerification" finished-at="2024-04-14T15:21:16 IST" duration-ms="19925" status="PASS">
          <reporter-output>
          </reporter-output>
        </test-method> <!-- dropDownVerification -->
        <test-method is-config="true" signature="tearDown()[pri:0, instance:testCase.TS_05_ValidationOfSearchPage@4d14b6c2]" started-at="2024-04-14T15:21:16 IST" name="tearDown" finished-at="2024-04-14T15:21:18 IST" duration-ms="2468" status="PASS">
          <reporter-output>
          </reporter-output>
        </test-method> <!-- tearDown -->
        <test-method is-config="true" signature="beforeMethod(java.lang.String)[pri:0, instance:testCase.TS_05_ValidationOfSearchPage@4d14b6c2]" started-at="2024-04-14T15:21:18 IST" name="beforeMethod" finished-at="2024-04-14T15:21:22 IST" duration-ms="4205" status="PASS">
          <params>
            <param index="0">
              <value>
                <![CDATA[Chrome]]>
              </value>
            </param>
          </params>
          <reporter-output>
          </reporter-output>
        </test-method> <!-- beforeMethod -->
        <test-method signature="professionVerification()[pri:22, instance:testCase.TS_05_ValidationOfSearchPage@4d14b6c2]" started-at="2024-04-14T15:21:22 IST" name="professionVerification" finished-at="2024-04-14T15:21:42 IST" duration-ms="19787" status="PASS">
          <reporter-output>
          </reporter-output>
        </test-method> <!-- professionVerification -->
        <test-method is-config="true" signature="tearDown()[pri:0, instance:testCase.TS_05_ValidationOfSearchPage@4d14b6c2]" started-at="2024-04-14T15:21:42 IST" name="tearDown" finished-at="2024-04-14T15:21:45 IST" duration-ms="2584" status="PASS">
          <reporter-output>
          </reporter-output>
        </test-method> <!-- tearDown -->
        <test-method is-config="true" signature="beforeMethod(java.lang.String)[pri:0, instance:testCase.TS_05_ValidationOfSearchPage@4d14b6c2]" started-at="2024-04-14T15:21:45 IST" name="beforeMethod" finished-at="2024-04-14T15:21:49 IST" duration-ms="4407" status="PASS">
          <params>
            <param index="0">
              <value>
                <![CDATA[Chrome]]>
              </value>
            </param>
          </params>
          <reporter-output>
          </reporter-output>
        </test-method> <!-- beforeMethod -->
        <test-method signature="professionValidation()[pri:23, instance:testCase.TS_05_ValidationOfSearchPage@4d14b6c2]" started-at="2024-04-14T15:21:49 IST" name="professionValidation" finished-at="2024-04-14T15:21:53 IST" duration-ms="4088" status="PASS">
          <reporter-output>
          </reporter-output>
        </test-method> <!-- professionValidation -->
        <test-method is-config="true" signature="tearDown()[pri:0, instance:testCase.TS_05_ValidationOfSearchPage@4d14b6c2]" started-at="2024-04-14T15:21:53 IST" name="tearDown" finished-at="2024-04-14T15:21:55 IST" duration-ms="2164" status="PASS">
          <reporter-output>
          </reporter-output>
        </test-method> <!-- tearDown -->
        <test-method is-config="true" signature="beforeMethod(java.lang.String)[pri:0, instance:testCase.TS_05_ValidationOfSearchPage@4d14b6c2]" started-at="2024-04-14T15:21:55 IST" name="beforeMethod" finished-at="2024-04-14T15:21:59 IST" duration-ms="4152" status="PASS">
          <params>
            <param index="0">
              <value>
                <![CDATA[Chrome]]>
              </value>
            </param>
          </params>
          <reporter-output>
          </reporter-output>
        </test-method> <!-- beforeMethod -->
        <test-method signature="userVerification()[pri:24, instance:testCase.TS_05_ValidationOfSearchPage@4d14b6c2]" started-at="2024-04-14T15:21:59 IST" name="userVerification" finished-at="2024-04-14T15:22:03 IST" duration-ms="3141" status="PASS">
          <reporter-output>
          </reporter-output>
        </test-method> <!-- userVerification -->
        <test-method is-config="true" signature="tearDown()[pri:0, instance:testCase.TS_05_ValidationOfSearchPage@4d14b6c2]" started-at="2024-04-14T15:22:03 IST" name="tearDown" finished-at="2024-04-14T15:22:05 IST" duration-ms="2220" status="PASS">
          <reporter-output>
          </reporter-output>
        </test-method> <!-- tearDown -->
        <test-method is-config="true" signature="beforeMethod(java.lang.String)[pri:0, instance:testCase.TS_05_ValidationOfSearchPage@4d14b6c2]" started-at="2024-04-14T15:22:05 IST" name="beforeMethod" finished-at="2024-04-14T15:22:09 IST" duration-ms="4341" status="PASS">
          <params>
            <param index="0">
              <value>
                <![CDATA[Chrome]]>
              </value>
            </param>
          </params>
          <reporter-output>
          </reporter-output>
        </test-method> <!-- beforeMethod -->
        <test-method signature="verifyLocation()[pri:25, instance:testCase.TS_05_ValidationOfSearchPage@4d14b6c2]" started-at="2024-04-14T15:22:09 IST" name="verifyLocation" finished-at="2024-04-14T15:22:14 IST" duration-ms="4821" status="PASS">
          <reporter-output>
          </reporter-output>
        </test-method> <!-- verifyLocation -->
        <test-method is-config="true" signature="tearDown()[pri:0, instance:testCase.TS_05_ValidationOfSearchPage@4d14b6c2]" started-at="2024-04-14T15:22:14 IST" name="tearDown" finished-at="2024-04-14T15:22:16 IST" duration-ms="2180" status="PASS">
          <reporter-output>
          </reporter-output>
        </test-method> <!-- tearDown -->
      </class> <!-- testCase.TS_05_ValidationOfSearchPage -->
      <class name="testCase.TS_01_ValidationOfHomePage">
        <test-method is-config="true" signature="beforeMethod(java.lang.String)[pri:0, instance:testCase.TS_01_ValidationOfHomePage@15888343]" started-at="2024-04-14T15:19:28 IST" name="beforeMethod" finished-at="2024-04-14T15:19:50 IST" duration-ms="21503" status="PASS">
          <params>
            <param index="0">
              <value>
                <![CDATA[Chrome]]>
              </value>
            </param>
          </params>
          <reporter-output>
          </reporter-output>
        </test-method> <!-- beforeMethod -->
        <test-method signature="logoValidation()[pri:1, instance:testCase.TS_01_ValidationOfHomePage@15888343]" started-at="2024-04-14T15:19:50 IST" name="logoValidation" finished-at="2024-04-14T15:19:50 IST" duration-ms="543" status="PASS">
          <reporter-output>
          </reporter-output>
        </test-method> <!-- logoValidation -->
        <test-method is-config="true" signature="tearDown()[pri:0, instance:testCase.TS_01_ValidationOfHomePage@15888343]" started-at="2024-04-14T15:19:50 IST" name="tearDown" finished-at="2024-04-14T15:19:54 IST" duration-ms="3669" status="PASS">
          <reporter-output>
          </reporter-output>
        </test-method> <!-- tearDown -->
        <test-method is-config="true" signature="beforeMethod(java.lang.String)[pri:0, instance:testCase.TS_01_ValidationOfHomePage@15888343]" started-at="2024-04-14T15:19:54 IST" name="beforeMethod" finished-at="2024-04-14T15:20:11 IST" duration-ms="17089" status="PASS">
          <params>
            <param index="0">
              <value>
                <![CDATA[Chrome]]>
              </value>
            </param>
          </params>
          <reporter-output>
          </reporter-output>
        </test-method> <!-- beforeMethod -->
        <test-method signature="downloadValidation()[pri:2, instance:testCase.TS_01_ValidationOfHomePage@15888343]" started-at="2024-04-14T15:20:11 IST" name="downloadValidation" finished-at="2024-04-14T15:20:11 IST" duration-ms="283" status="PASS">
          <reporter-output>
          </reporter-output>
        </test-method> <!-- downloadValidation -->
        <test-method is-config="true" signature="tearDown()[pri:0, instance:testCase.TS_01_ValidationOfHomePage@15888343]" started-at="2024-04-14T15:20:11 IST" name="tearDown" finished-at="2024-04-14T15:20:13 IST" duration-ms="2157" status="PASS">
          <reporter-output>
          </reporter-output>
        </test-method> <!-- tearDown -->
        <test-method is-config="true" signature="beforeMethod(java.lang.String)[pri:0, instance:testCase.TS_01_ValidationOfHomePage@15888343]" started-at="2024-04-14T15:20:13 IST" name="beforeMethod" finished-at="2024-04-14T15:20:23 IST" duration-ms="9388" status="PASS">
          <params>
            <param index="0">
              <value>
                <![CDATA[Chrome]]>
              </value>
            </param>
          </params>
          <reporter-output>
          </reporter-output>
        </test-method> <!-- beforeMethod -->
        <test-method signature="copyRightValidation()[pri:3, instance:testCase.TS_01_ValidationOfHomePage@15888343]" started-at="2024-04-14T15:20:23 IST" name="copyRightValidation" finished-at="2024-04-14T15:20:23 IST" duration-ms="293" status="PASS">
          <reporter-output>
          </reporter-output>
        </test-method> <!-- copyRightValidation -->
        <test-method is-config="true" signature="tearDown()[pri:0, instance:testCase.TS_01_ValidationOfHomePage@15888343]" started-at="2024-04-14T15:20:23 IST" name="tearDown" finished-at="2024-04-14T15:20:27 IST" duration-ms="3682" status="PASS">
          <reporter-output>
          </reporter-output>
        </test-method> <!-- tearDown -->
        <test-method is-config="true" signature="beforeMethod(java.lang.String)[pri:0, instance:testCase.TS_01_ValidationOfHomePage@15888343]" started-at="2024-04-14T15:20:27 IST" name="beforeMethod" finished-at="2024-04-14T15:20:31 IST" duration-ms="4625" status="PASS">
          <params>
            <param index="0">
              <value>
                <![CDATA[Chrome]]>
              </value>
            </param>
          </params>
          <reporter-output>
          </reporter-output>
        </test-method> <!-- beforeMethod -->
        <test-method signature="loginValidation()[pri:4, instance:testCase.TS_01_ValidationOfHomePage@15888343]" started-at="2024-04-14T15:20:31 IST" name="loginValidation" finished-at="2024-04-14T15:20:33 IST" duration-ms="1877" status="PASS">
          <reporter-output>
          </reporter-output>
        </test-method> <!-- loginValidation -->
        <test-method is-config="true" signature="tearDown()[pri:0, instance:testCase.TS_01_ValidationOfHomePage@15888343]" started-at="2024-04-14T15:20:33 IST" name="tearDown" finished-at="2024-04-14T15:20:40 IST" duration-ms="6333" status="PASS">
          <reporter-output>
          </reporter-output>
        </test-method> <!-- tearDown -->
        <test-method is-config="true" signature="beforeMethod(java.lang.String)[pri:0, instance:testCase.TS_01_ValidationOfHomePage@15888343]" started-at="2024-04-14T15:20:40 IST" name="beforeMethod" finished-at="2024-04-14T15:20:45 IST" duration-ms="5720" status="PASS">
          <params>
            <param index="0">
              <value>
                <![CDATA[Chrome]]>
              </value>
            </param>
          </params>
          <reporter-output>
          </reporter-output>
        </test-method> <!-- beforeMethod -->
        <test-method signature="functionalityValidation()[pri:5, instance:testCase.TS_01_ValidationOfHomePage@15888343]" started-at="2024-04-14T15:20:45 IST" name="functionalityValidation" finished-at="2024-04-14T15:20:46 IST" duration-ms="1214" status="PASS">
          <reporter-output>
          </reporter-output>
        </test-method> <!-- functionalityValidation -->
        <test-method is-config="true" signature="tearDown()[pri:0, instance:testCase.TS_01_ValidationOfHomePage@15888343]" started-at="2024-04-14T15:20:46 IST" name="tearDown" finished-at="2024-04-14T15:20:50 IST" duration-ms="3116" status="PASS">
          <reporter-output>
          </reporter-output>
        </test-method> <!-- tearDown -->
      </class> <!-- testCase.TS_01_ValidationOfHomePage -->
    </test> <!-- ChromeTest -->
    <test started-at="2024-04-14T15:22:16 IST" name="EdgeTest" finished-at="2024-04-14T15:25:20 IST" duration-ms="183617">
      <class name="testCase.TS_04_ValidationOfLabTest">
        <test-method is-config="true" signature="beforeMethod(java.lang.String)[pri:0, instance:testCase.TS_04_ValidationOfLabTest@2f953efd]" started-at="2024-04-14T15:22:16 IST" name="beforeMethod" finished-at="2024-04-14T15:22:27 IST" duration-ms="10753" status="PASS">
          <params>
            <param index="0">
              <value>
                <![CDATA[Edge]]>
              </value>
            </param>
          </params>
          <reporter-output>
          </reporter-output>
        </test-method> <!-- beforeMethod -->
        <test-method signature="isLabTestclickable()[pri:16, instance:testCase.TS_04_ValidationOfLabTest@2f953efd]" started-at="2024-04-14T15:22:27 IST" name="isLabTestclickable" finished-at="2024-04-14T15:22:39 IST" duration-ms="11576" status="PASS">
          <reporter-output>
          </reporter-output>
        </test-method> <!-- isLabTestclickable -->
        <test-method is-config="true" signature="tearDown()[pri:0, instance:testCase.TS_04_ValidationOfLabTest@2f953efd]" started-at="2024-04-14T15:22:39 IST" name="tearDown" finished-at="2024-04-14T15:22:42 IST" duration-ms="3768" status="PASS">
          <reporter-output>
          </reporter-output>
        </test-method> <!-- tearDown -->
        <test-method is-config="true" signature="beforeMethod(java.lang.String)[pri:0, instance:testCase.TS_04_ValidationOfLabTest@2f953efd]" started-at="2024-04-14T15:22:42 IST" name="beforeMethod" finished-at="2024-04-14T15:22:55 IST" duration-ms="12860" status="PASS">
          <params>
            <param index="0">
              <value>
                <![CDATA[Edge]]>
              </value>
            </param>
          </params>
          <reporter-output>
          </reporter-output>
        </test-method> <!-- beforeMethod -->
        <test-method signature="topCitiesBlockAvailable()[pri:17, instance:testCase.TS_04_ValidationOfLabTest@2f953efd]" started-at="2024-04-14T15:22:55 IST" name="topCitiesBlockAvailable" finished-at="2024-04-14T15:23:02 IST" duration-ms="6323" status="PASS">
          <reporter-output>
          </reporter-output>
        </test-method> <!-- topCitiesBlockAvailable -->
        <test-method is-config="true" signature="tearDown()[pri:0, instance:testCase.TS_04_ValidationOfLabTest@2f953efd]" started-at="2024-04-14T15:23:02 IST" name="tearDown" finished-at="2024-04-14T15:23:07 IST" duration-ms="5274" status="PASS">
          <reporter-output>
          </reporter-output>
        </test-method> <!-- tearDown -->
        <test-method is-config="true" signature="beforeMethod(java.lang.String)[pri:0, instance:testCase.TS_04_ValidationOfLabTest@2f953efd]" started-at="2024-04-14T15:23:07 IST" name="beforeMethod" finished-at="2024-04-14T15:23:15 IST" duration-ms="8534" status="PASS">
          <params>
            <param index="0">
              <value>
                <![CDATA[Edge]]>
              </value>
            </param>
          </params>
          <reporter-output>
          </reporter-output>
        </test-method> <!-- beforeMethod -->
        <test-method signature="allCitiesBlockAvailable()[pri:18, instance:testCase.TS_04_ValidationOfLabTest@2f953efd]" started-at="2024-04-14T15:23:15 IST" name="allCitiesBlockAvailable" finished-at="2024-04-14T15:23:21 IST" duration-ms="5686" status="PASS">
          <reporter-output>
          </reporter-output>
        </test-method> <!-- allCitiesBlockAvailable -->
        <test-method is-config="true" signature="tearDown()[pri:0, instance:testCase.TS_04_ValidationOfLabTest@2f953efd]" started-at="2024-04-14T15:23:21 IST" name="tearDown" finished-at="2024-04-14T15:23:28 IST" duration-ms="6517" status="PASS">
          <reporter-output>
          </reporter-output>
        </test-method> <!-- tearDown -->
        <test-method is-config="true" signature="beforeMethod(java.lang.String)[pri:0, instance:testCase.TS_04_ValidationOfLabTest@2f953efd]" started-at="2024-04-14T15:23:28 IST" name="beforeMethod" finished-at="2024-04-14T15:23:34 IST" duration-ms="6225" status="PASS">
          <params>
            <param index="0">
              <value>
                <![CDATA[Edge]]>
              </value>
            </param>
          </params>
          <reporter-output>
          </reporter-output>
        </test-method> <!-- beforeMethod -->
        <test-method signature="needHelpBlockValidation()[pri:19, instance:testCase.TS_04_ValidationOfLabTest@2f953efd]" started-at="2024-04-14T15:23:34 IST" name="needHelpBlockValidation" finished-at="2024-04-14T15:23:43 IST" duration-ms="9534" status="PASS">
          <reporter-output>
          </reporter-output>
        </test-method> <!-- needHelpBlockValidation -->
        <test-method is-config="true" signature="tearDown()[pri:0, instance:testCase.TS_04_ValidationOfLabTest@2f953efd]" started-at="2024-04-14T15:23:43 IST" name="tearDown" finished-at="2024-04-14T15:23:48 IST" duration-ms="4328" status="PASS">
          <reporter-output>
          </reporter-output>
        </test-method> <!-- tearDown -->
        <test-method is-config="true" signature="beforeMethod(java.lang.String)[pri:0, instance:testCase.TS_04_ValidationOfLabTest@2f953efd]" started-at="2024-04-14T15:23:48 IST" name="beforeMethod" finished-at="2024-04-14T15:23:53 IST" duration-ms="5339" status="PASS">
          <params>
            <param index="0">
              <value>
                <![CDATA[Edge]]>
              </value>
            </param>
          </params>
          <reporter-output>
          </reporter-output>
        </test-method> <!-- beforeMethod -->
        <test-method signature="addToCartValidation()[pri:20, instance:testCase.TS_04_ValidationOfLabTest@2f953efd]" started-at="2024-04-14T15:23:53 IST" name="addToCartValidation" finished-at="2024-04-14T15:24:02 IST" duration-ms="9262" status="PASS">
          <reporter-output>
          </reporter-output>
        </test-method> <!-- addToCartValidation -->
        <test-method is-config="true" signature="tearDown()[pri:0, instance:testCase.TS_04_ValidationOfLabTest@2f953efd]" started-at="2024-04-14T15:24:02 IST" name="tearDown" finished-at="2024-04-14T15:24:06 IST" duration-ms="4082" status="PASS">
          <reporter-output>
          </reporter-output>
        </test-method> <!-- tearDown -->
      </class> <!-- testCase.TS_04_ValidationOfLabTest -->
      <class name="testCase.TS_02_ValidationOfScheduling">
        <test-method is-config="true" signature="beforeMethod(java.lang.String)[pri:0, instance:testCase.TS_02_ValidationOfScheduling@2254127a]" started-at="2024-04-14T15:22:16 IST" name="beforeMethod" finished-at="2024-04-14T15:22:35 IST" duration-ms="18352" status="PASS">
          <params>
            <param index="0">
              <value>
                <![CDATA[Edge]]>
              </value>
            </param>
          </params>
          <reporter-output>
          </reporter-output>
        </test-method> <!-- beforeMethod -->
        <test-method signature="isHealthIsClickable()[pri:6, instance:testCase.TS_02_ValidationOfScheduling@2254127a]" started-at="2024-04-14T15:22:35 IST" name="isHealthIsClickable" finished-at="2024-04-14T15:22:38 IST" duration-ms="2980" status="PASS">
          <reporter-output>
          </reporter-output>
        </test-method> <!-- isHealthIsClickable -->
        <test-method is-config="true" signature="tearDown()[pri:0, instance:testCase.TS_02_ValidationOfScheduling@2254127a]" started-at="2024-04-14T15:22:38 IST" name="tearDown" finished-at="2024-04-14T15:22:42 IST" duration-ms="4684" status="PASS">
          <reporter-output>
          </reporter-output>
        </test-method> <!-- tearDown -->
        <test-method is-config="true" signature="beforeMethod(java.lang.String)[pri:0, instance:testCase.TS_02_ValidationOfScheduling@2254127a]" started-at="2024-04-14T15:22:42 IST" name="beforeMethod" finished-at="2024-04-14T15:22:52 IST" duration-ms="9802" status="PASS">
          <params>
            <param index="0">
              <value>
                <![CDATA[Edge]]>
              </value>
            </param>
          </params>
          <reporter-output>
          </reporter-output>
        </test-method> <!-- beforeMethod -->
        <test-method signature="withAllValidDetails([Ljava.lang.String;)[pri:7, instance:testCase.TS_02_ValidationOfScheduling@2254127a]" started-at="2024-04-14T15:22:52 IST" name="withAllValidDetails" data-provider="data" finished-at="2024-04-14T15:22:59 IST" duration-ms="7177" status="PASS">
          <params>
            <param index="0">
              <value>
                <![CDATA[[Ljava.lang.String;@41de5768]]>
              </value>
            </param>
          </params>
          <reporter-output>
          </reporter-output>
        </test-method> <!-- withAllValidDetails -->
        <test-method is-config="true" signature="tearDown()[pri:0, instance:testCase.TS_02_ValidationOfScheduling@2254127a]" started-at="2024-04-14T15:22:59 IST" name="tearDown" finished-at="2024-04-14T15:23:04 IST" duration-ms="4282" status="PASS">
          <reporter-output>
          </reporter-output>
        </test-method> <!-- tearDown -->
        <test-method is-config="true" signature="beforeMethod(java.lang.String)[pri:0, instance:testCase.TS_02_ValidationOfScheduling@2254127a]" started-at="2024-04-14T15:23:04 IST" name="beforeMethod" finished-at="2024-04-14T15:23:12 IST" duration-ms="8729" status="PASS">
          <params>
            <param index="0">
              <value>
                <![CDATA[Edge]]>
              </value>
            </param>
          </params>
          <reporter-output>
          </reporter-output>
        </test-method> <!-- beforeMethod -->
        <test-method signature="withAllValidDetails([Ljava.lang.String;)[pri:7, instance:testCase.TS_02_ValidationOfScheduling@2254127a]" started-at="2024-04-14T15:23:12 IST" name="withAllValidDetails" data-provider="data" finished-at="2024-04-14T15:23:17 IST" duration-ms="4352" status="PASS">
          <params>
            <param index="0">
              <value>
                <![CDATA[[Ljava.lang.String;@3d526ad9]]>
              </value>
            </param>
          </params>
          <reporter-output>
          </reporter-output>
        </test-method> <!-- withAllValidDetails -->
        <test-method is-config="true" signature="tearDown()[pri:0, instance:testCase.TS_02_ValidationOfScheduling@2254127a]" started-at="2024-04-14T15:23:17 IST" name="tearDown" finished-at="2024-04-14T15:23:32 IST" duration-ms="15180" status="PASS">
          <reporter-output>
          </reporter-output>
        </test-method> <!-- tearDown -->
        <test-method is-config="true" signature="beforeMethod(java.lang.String)[pri:0, instance:testCase.TS_02_ValidationOfScheduling@2254127a]" started-at="2024-04-14T15:23:32 IST" name="beforeMethod" finished-at="2024-04-14T15:23:42 IST" duration-ms="10031" status="PASS">
          <params>
            <param index="0">
              <value>
                <![CDATA[Edge]]>
              </value>
            </param>
          </params>
          <reporter-output>
          </reporter-output>
        </test-method> <!-- beforeMethod -->
        <test-method signature="withAllValidDetails([Ljava.lang.String;)[pri:7, instance:testCase.TS_02_ValidationOfScheduling@2254127a]" started-at="2024-04-14T15:23:42 IST" name="withAllValidDetails" data-provider="data" finished-at="2024-04-14T15:23:47 IST" duration-ms="4698" status="PASS">
          <params>
            <param index="0">
              <value>
                <![CDATA[[Ljava.lang.String;@5f577419]]>
              </value>
            </param>
          </params>
          <reporter-output>
          </reporter-output>
        </test-method> <!-- withAllValidDetails -->
        <test-method is-config="true" signature="tearDown()[pri:0, instance:testCase.TS_02_ValidationOfScheduling@2254127a]" started-at="2024-04-14T15:23:47 IST" name="tearDown" finished-at="2024-04-14T15:23:49 IST" duration-ms="2387" status="PASS">
          <reporter-output>
          </reporter-output>
        </test-method> <!-- tearDown -->
        <test-method is-config="true" signature="beforeMethod(java.lang.String)[pri:0, instance:testCase.TS_02_ValidationOfScheduling@2254127a]" started-at="2024-04-14T15:23:49 IST" name="beforeMethod" finished-at="2024-04-14T15:23:57 IST" duration-ms="8290" status="PASS">
          <params>
            <param index="0">
              <value>
                <![CDATA[Edge]]>
              </value>
            </param>
          </params>
          <reporter-output>
          </reporter-output>
        </test-method> <!-- beforeMethod -->
        <test-method signature="withAllValidDetails([Ljava.lang.String;)[pri:7, instance:testCase.TS_02_ValidationOfScheduling@2254127a]" started-at="2024-04-14T15:23:57 IST" name="withAllValidDetails" data-provider="data" finished-at="2024-04-14T15:24:01 IST" duration-ms="3505" status="PASS">
          <params>
            <param index="0">
              <value>
                <![CDATA[[Ljava.lang.String;@28fa700e]]>
              </value>
            </param>
          </params>
          <reporter-output>
          </reporter-output>
        </test-method> <!-- withAllValidDetails -->
        <test-method is-config="true" signature="tearDown()[pri:0, instance:testCase.TS_02_ValidationOfScheduling@2254127a]" started-at="2024-04-14T15:24:01 IST" name="tearDown" finished-at="2024-04-14T15:24:03 IST" duration-ms="2594" status="PASS">
          <reporter-output>
          </reporter-output>
        </test-method> <!-- tearDown -->
        <test-method is-config="true" signature="beforeMethod(java.lang.String)[pri:0, instance:testCase.TS_02_ValidationOfScheduling@2254127a]" started-at="2024-04-14T15:24:03 IST" name="beforeMethod" finished-at="2024-04-14T15:24:10 IST" duration-ms="6179" status="PASS">
          <params>
            <param index="0">
              <value>
                <![CDATA[Edge]]>
              </value>
            </param>
          </params>
          <reporter-output>
          </reporter-output>
        </test-method> <!-- beforeMethod -->
        <test-method signature="validationOfThankYouMessage()[pri:8, instance:testCase.TS_02_ValidationOfScheduling@2254127a]" started-at="2024-04-14T15:24:10 IST" name="validationOfThankYouMessage" finished-at="2024-04-14T15:24:24 IST" duration-ms="13906" status="PASS">
          <reporter-output>
          </reporter-output>
        </test-method> <!-- validationOfThankYouMessage -->
        <test-method is-config="true" signature="tearDown()[pri:0, instance:testCase.TS_02_ValidationOfScheduling@2254127a]" started-at="2024-04-14T15:24:24 IST" name="tearDown" finished-at="2024-04-14T15:24:28 IST" duration-ms="4217" status="PASS">
          <reporter-output>
          </reporter-output>
        </test-method> <!-- tearDown -->
      </class> <!-- testCase.TS_02_ValidationOfScheduling -->
      <class name="testRunner.Runner">
        <test-method is-config="true" signature="setUpClass(org.testng.ITestContext)[pri:0, instance:testRunner.Runner@d2de489]" started-at="2024-04-14T15:22:16 IST" name="setUpClass" finished-at="2024-04-14T15:22:16 IST" duration-ms="25" status="PASS">
          <params>
            <param index="0">
              <value>
                <![CDATA[org.testng.TestRunner@5c371e13]]>
              </value>
            </param>
          </params>
          <reporter-output>
          </reporter-output>
        </test-method> <!-- setUpClass -->
        <test-method signature="runScenario(io.cucumber.testng.PickleWrapper,io.cucumber.testng.FeatureWrapper)[pri:0, instance:testRunner.Runner@d2de489]" started-at="2024-04-14T15:22:16 IST" name="runScenario" description="Runs Cucumber Scenarios" data-provider="scenarios" finished-at="2024-04-14T15:22:40 IST" duration-ms="23519" status="PASS">
          <params>
            <param index="0">
              <value>
                <![CDATA["Login-button Disabled"]]>
              </value>
            </param>
            <param index="1">
              <value>
                <![CDATA["Validation of Schedule a Demo Form"]]>
              </value>
            </param>
          </params>
          <reporter-output>
          </reporter-output>
        </test-method> <!-- runScenario -->
        <test-method signature="runScenario(io.cucumber.testng.PickleWrapper,io.cucumber.testng.FeatureWrapper)[pri:0, instance:testRunner.Runner@d2de489]" started-at="2024-04-14T15:22:40 IST" name="runScenario" description="Runs Cucumber Scenarios" data-provider="scenarios" finished-at="2024-04-14T15:22:59 IST" duration-ms="19557" status="PASS">
          <params>
            <param index="0">
              <value>
                <![CDATA["Login-button Disabled"]]>
              </value>
            </param>
            <param index="1">
              <value>
                <![CDATA["Validation of Schedule a Demo Form"]]>
              </value>
            </param>
          </params>
          <reporter-output>
          </reporter-output>
        </test-method> <!-- runScenario -->
        <test-method signature="runScenario(io.cucumber.testng.PickleWrapper,io.cucumber.testng.FeatureWrapper)[pri:0, instance:testRunner.Runner@d2de489]" started-at="2024-04-14T15:22:59 IST" name="runScenario" description="Runs Cucumber Scenarios" data-provider="scenarios" finished-at="2024-04-14T15:23:13 IST" duration-ms="13115" status="PASS">
          <params>
            <param index="0">
              <value>
                <![CDATA["Login-button Disabled"]]>
              </value>
            </param>
            <param index="1">
              <value>
                <![CDATA["Validation of Schedule a Demo Form"]]>
              </value>
            </param>
          </params>
          <reporter-output>
          </reporter-output>
        </test-method> <!-- runScenario -->
        <test-method signature="runScenario(io.cucumber.testng.PickleWrapper,io.cucumber.testng.FeatureWrapper)[pri:0, instance:testRunner.Runner@d2de489]" started-at="2024-04-14T15:23:13 IST" name="runScenario" description="Runs Cucumber Scenarios" data-provider="scenarios" finished-at="2024-04-14T15:23:54 IST" duration-ms="41859" status="PASS">
          <params>
            <param index="0">
              <value>
                <![CDATA["Login-button enabled"]]>
              </value>
            </param>
            <param index="1">
              <value>
                <![CDATA["Validation of Schedule a Demo Form"]]>
              </value>
            </param>
          </params>
          <reporter-output>
          </reporter-output>
        </test-method> <!-- runScenario -->
        <test-method is-config="true" signature="tearDownClass()[pri:0, instance:testRunner.Runner@d2de489]" started-at="2024-04-14T15:23:54 IST" name="tearDownClass" finished-at="2024-04-14T15:23:57 IST" duration-ms="2287" status="PASS">
          <reporter-output>
          </reporter-output>
        </test-method> <!-- tearDownClass -->
      </class> <!-- testRunner.Runner -->
      <class name="testCase.TS_03_ValidationSergeriesPage">
        <test-method is-config="true" signature="beforeMethod(java.lang.String)[pri:0, instance:testCase.TS_03_ValidationSergeriesPage@51891008]" started-at="2024-04-14T15:22:16 IST" name="beforeMethod" finished-at="2024-04-14T15:22:36 IST" duration-ms="19741" status="PASS">
          <params>
            <param index="0">
              <value>
                <![CDATA[Edge]]>
              </value>
            </param>
          </params>
          <reporter-output>
          </reporter-output>
        </test-method> <!-- beforeMethod -->
        <test-method signature="contactDetails()[pri:11, instance:testCase.TS_03_ValidationSergeriesPage@51891008]" started-at="2024-04-14T15:22:36 IST" name="contactDetails" finished-at="2024-04-14T15:22:39 IST" duration-ms="2999" status="PASS">
          <reporter-output>
          </reporter-output>
        </test-method> <!-- contactDetails -->
        <test-method is-config="true" signature="tearDown()[pri:0, instance:testCase.TS_03_ValidationSergeriesPage@51891008]" started-at="2024-04-14T15:22:39 IST" name="tearDown" finished-at="2024-04-14T15:22:42 IST" duration-ms="2912" status="PASS">
          <reporter-output>
          </reporter-output>
        </test-method> <!-- tearDown -->
        <test-method is-config="true" signature="beforeMethod(java.lang.String)[pri:0, instance:testCase.TS_03_ValidationSergeriesPage@51891008]" started-at="2024-04-14T15:22:42 IST" name="beforeMethod" finished-at="2024-04-14T15:22:49 IST" duration-ms="7141" status="PASS">
          <params>
            <param index="0">
              <value>
                <![CDATA[Edge]]>
              </value>
            </param>
          </params>
          <reporter-output>
          </reporter-output>
        </test-method> <!-- beforeMethod -->
        <test-method signature="practoCareBenifits()[pri:12, instance:testCase.TS_03_ValidationSergeriesPage@51891008]" started-at="2024-04-14T15:22:49 IST" name="practoCareBenifits" finished-at="2024-04-14T15:22:55 IST" duration-ms="6093" status="PASS">
          <reporter-output>
          </reporter-output>
        </test-method> <!-- practoCareBenifits -->
        <test-method is-config="true" signature="tearDown()[pri:0, instance:testCase.TS_03_ValidationSergeriesPage@51891008]" started-at="2024-04-14T15:22:55 IST" name="tearDown" finished-at="2024-04-14T15:22:58 IST" duration-ms="2991" status="PASS">
          <reporter-output>
          </reporter-output>
        </test-method> <!-- tearDown -->
        <test-method is-config="true" signature="beforeMethod(java.lang.String)[pri:0, instance:testCase.TS_03_ValidationSergeriesPage@51891008]" started-at="2024-04-14T15:22:58 IST" name="beforeMethod" finished-at="2024-04-14T15:23:04 IST" duration-ms="5703" status="PASS">
          <params>
            <param index="0">
              <value>
                <![CDATA[Edge]]>
              </value>
            </param>
          </params>
          <reporter-output>
          </reporter-output>
        </test-method> <!-- beforeMethod -->
        <test-method signature="howItWorks()[pri:13, instance:testCase.TS_03_ValidationSergeriesPage@51891008]" started-at="2024-04-14T15:23:04 IST" name="howItWorks" finished-at="2024-04-14T15:23:07 IST" duration-ms="2562" status="PASS">
          <reporter-output>
          </reporter-output>
        </test-method> <!-- howItWorks -->
        <test-method is-config="true" signature="tearDown()[pri:0, instance:testCase.TS_03_ValidationSergeriesPage@51891008]" started-at="2024-04-14T15:23:07 IST" name="tearDown" finished-at="2024-04-14T15:23:11 IST" duration-ms="4950" status="PASS">
          <reporter-output>
          </reporter-output>
        </test-method> <!-- tearDown -->
        <test-method is-config="true" signature="beforeMethod(java.lang.String)[pri:0, instance:testCase.TS_03_ValidationSergeriesPage@51891008]" started-at="2024-04-14T15:23:11 IST" name="beforeMethod" finished-at="2024-04-14T15:23:20 IST" duration-ms="9001" status="PASS">
          <params>
            <param index="0">
              <value>
                <![CDATA[Edge]]>
              </value>
            </param>
          </params>
          <reporter-output>
          </reporter-output>
        </test-method> <!-- beforeMethod -->
        <test-method signature="allSurgeries()[pri:14, instance:testCase.TS_03_ValidationSergeriesPage@51891008]" started-at="2024-04-14T15:23:20 IST" name="allSurgeries" finished-at="2024-04-14T15:23:24 IST" duration-ms="3037" status="PASS">
          <reporter-output>
          </reporter-output>
        </test-method> <!-- allSurgeries -->
        <test-method is-config="true" signature="tearDown()[pri:0, instance:testCase.TS_03_ValidationSergeriesPage@51891008]" started-at="2024-04-14T15:23:24 IST" name="tearDown" finished-at="2024-04-14T15:23:31 IST" duration-ms="7132" status="PASS">
          <reporter-output>
          </reporter-output>
        </test-method> <!-- tearDown -->
        <test-method is-config="true" signature="beforeMethod(java.lang.String)[pri:0, instance:testCase.TS_03_ValidationSergeriesPage@51891008]" started-at="2024-04-14T15:23:31 IST" name="beforeMethod" finished-at="2024-04-14T15:23:40 IST" duration-ms="8920" status="PASS">
          <params>
            <param index="0">
              <value>
                <![CDATA[Edge]]>
              </value>
            </param>
          </params>
          <reporter-output>
          </reporter-output>
        </test-method> <!-- beforeMethod -->
        <test-method signature="allDepartment()[pri:15, instance:testCase.TS_03_ValidationSergeriesPage@51891008]" started-at="2024-04-14T15:23:40 IST" name="allDepartment" finished-at="2024-04-14T15:23:44 IST" duration-ms="3943" status="PASS">
          <reporter-output>
          </reporter-output>
        </test-method> <!-- allDepartment -->
        <test-method is-config="true" signature="tearDown()[pri:0, instance:testCase.TS_03_ValidationSergeriesPage@51891008]" started-at="2024-04-14T15:23:44 IST" name="tearDown" finished-at="2024-04-14T15:23:46 IST" duration-ms="2659" status="PASS">
          <reporter-output>
          </reporter-output>
        </test-method> <!-- tearDown -->
      </class> <!-- testCase.TS_03_ValidationSergeriesPage -->
      <class name="testCase.TS_05_ValidationOfSearchPage">
        <test-method is-config="true" signature="beforeMethod(java.lang.String)[pri:0, instance:testCase.TS_05_ValidationOfSearchPage@f68f0dc]" started-at="2024-04-14T15:23:31 IST" name="beforeMethod" finished-at="2024-04-14T15:23:42 IST" duration-ms="10948" status="PASS">
          <params>
            <param index="0">
              <value>
                <![CDATA[Edge]]>
              </value>
            </param>
          </params>
          <reporter-output>
          </reporter-output>
        </test-method> <!-- beforeMethod -->
        <test-method signature="dropDownVerification()[pri:21, instance:testCase.TS_05_ValidationOfSearchPage@f68f0dc]" started-at="2024-04-14T15:23:42 IST" name="dropDownVerification" finished-at="2024-04-14T15:24:03 IST" duration-ms="20989" status="PASS">
          <reporter-output>
          </reporter-output>
        </test-method> <!-- dropDownVerification -->
        <test-method is-config="true" signature="tearDown()[pri:0, instance:testCase.TS_05_ValidationOfSearchPage@f68f0dc]" started-at="2024-04-14T15:24:03 IST" name="tearDown" finished-at="2024-04-14T15:24:07 IST" duration-ms="4097" status="PASS">
          <reporter-output>
          </reporter-output>
        </test-method> <!-- tearDown -->
        <test-method is-config="true" signature="beforeMethod(java.lang.String)[pri:0, instance:testCase.TS_05_ValidationOfSearchPage@f68f0dc]" started-at="2024-04-14T15:24:07 IST" name="beforeMethod" finished-at="2024-04-14T15:24:14 IST" duration-ms="7248" status="PASS">
          <params>
            <param index="0">
              <value>
                <![CDATA[Edge]]>
              </value>
            </param>
          </params>
          <reporter-output>
          </reporter-output>
        </test-method> <!-- beforeMethod -->
        <test-method signature="professionVerification()[pri:22, instance:testCase.TS_05_ValidationOfSearchPage@f68f0dc]" started-at="2024-04-14T15:24:14 IST" name="professionVerification" finished-at="2024-04-14T15:24:34 IST" duration-ms="19262" status="PASS">
          <reporter-output>
          </reporter-output>
        </test-method> <!-- professionVerification -->
        <test-method is-config="true" signature="tearDown()[pri:0, instance:testCase.TS_05_ValidationOfSearchPage@f68f0dc]" started-at="2024-04-14T15:24:34 IST" name="tearDown" finished-at="2024-04-14T15:24:38 IST" duration-ms="4023" status="PASS">
          <reporter-output>
          </reporter-output>
        </test-method> <!-- tearDown -->
        <test-method is-config="true" signature="beforeMethod(java.lang.String)[pri:0, instance:testCase.TS_05_ValidationOfSearchPage@f68f0dc]" started-at="2024-04-14T15:24:38 IST" name="beforeMethod" finished-at="2024-04-14T15:24:43 IST" duration-ms="5641" status="PASS">
          <params>
            <param index="0">
              <value>
                <![CDATA[Edge]]>
              </value>
            </param>
          </params>
          <reporter-output>
          </reporter-output>
        </test-method> <!-- beforeMethod -->
        <test-method signature="professionValidation()[pri:23, instance:testCase.TS_05_ValidationOfSearchPage@f68f0dc]" started-at="2024-04-14T15:24:43 IST" name="professionValidation" finished-at="2024-04-14T15:24:49 IST" duration-ms="5216" status="PASS">
          <reporter-output>
          </reporter-output>
        </test-method> <!-- professionValidation -->
        <test-method is-config="true" signature="tearDown()[pri:0, instance:testCase.TS_05_ValidationOfSearchPage@f68f0dc]" started-at="2024-04-14T15:24:49 IST" name="tearDown" finished-at="2024-04-14T15:24:53 IST" duration-ms="3909" status="PASS">
          <reporter-output>
          </reporter-output>
        </test-method> <!-- tearDown -->
        <test-method is-config="true" signature="beforeMethod(java.lang.String)[pri:0, instance:testCase.TS_05_ValidationOfSearchPage@f68f0dc]" started-at="2024-04-14T15:24:53 IST" name="beforeMethod" finished-at="2024-04-14T15:24:58 IST" duration-ms="5919" status="PASS">
          <params>
            <param index="0">
              <value>
                <![CDATA[Edge]]>
              </value>
            </param>
          </params>
          <reporter-output>
          </reporter-output>
        </test-method> <!-- beforeMethod -->
        <test-method signature="userVerification()[pri:24, instance:testCase.TS_05_ValidationOfSearchPage@f68f0dc]" started-at="2024-04-14T15:24:58 IST" name="userVerification" finished-at="2024-04-14T15:25:03 IST" duration-ms="4100" status="PASS">
          <reporter-output>
          </reporter-output>
        </test-method> <!-- userVerification -->
        <test-method is-config="true" signature="tearDown()[pri:0, instance:testCase.TS_05_ValidationOfSearchPage@f68f0dc]" started-at="2024-04-14T15:25:03 IST" name="tearDown" finished-at="2024-04-14T15:25:06 IST" duration-ms="3856" status="PASS">
          <reporter-output>
          </reporter-output>
        </test-method> <!-- tearDown -->
        <test-method is-config="true" signature="beforeMethod(java.lang.String)[pri:0, instance:testCase.TS_05_ValidationOfSearchPage@f68f0dc]" started-at="2024-04-14T15:25:06 IST" name="beforeMethod" finished-at="2024-04-14T15:25:12 IST" duration-ms="5907" status="PASS">
          <params>
            <param index="0">
              <value>
                <![CDATA[Edge]]>
              </value>
            </param>
          </params>
          <reporter-output>
          </reporter-output>
        </test-method> <!-- beforeMethod -->
        <test-method signature="verifyLocation()[pri:25, instance:testCase.TS_05_ValidationOfSearchPage@f68f0dc]" started-at="2024-04-14T15:25:12 IST" name="verifyLocation" finished-at="2024-04-14T15:25:17 IST" duration-ms="5050" status="PASS">
          <reporter-output>
          </reporter-output>
        </test-method> <!-- verifyLocation -->
        <test-method is-config="true" signature="tearDown()[pri:0, instance:testCase.TS_05_ValidationOfSearchPage@f68f0dc]" started-at="2024-04-14T15:25:17 IST" name="tearDown" finished-at="2024-04-14T15:25:20 IST" duration-ms="2639" status="PASS">
          <reporter-output>
          </reporter-output>
        </test-method> <!-- tearDown -->
      </class> <!-- testCase.TS_05_ValidationOfSearchPage -->
      <class name="testCase.TS_01_ValidationOfHomePage">
        <test-method is-config="true" signature="beforeSuite()[pri:0, instance:testCase.TS_01_ValidationOfHomePage@5dafbe45]" started-at="2024-04-14T15:19:28 IST" name="beforeSuite" finished-at="2024-04-14T15:19:28 IST" duration-ms="30" status="PASS">
          <reporter-output>
          </reporter-output>
        </test-method> <!-- beforeSuite -->
        <test-method is-config="true" signature="beforeMethod(java.lang.String)[pri:0, instance:testCase.TS_01_ValidationOfHomePage@5dafbe45]" started-at="2024-04-14T15:22:16 IST" name="beforeMethod" finished-at="2024-04-14T15:22:25 IST" duration-ms="8872" status="PASS">
          <params>
            <param index="0">
              <value>
                <![CDATA[Edge]]>
              </value>
            </param>
          </params>
          <reporter-output>
          </reporter-output>
        </test-method> <!-- beforeMethod -->
        <test-method signature="logoValidation()[pri:1, instance:testCase.TS_01_ValidationOfHomePage@5dafbe45]" started-at="2024-04-14T15:22:25 IST" name="logoValidation" finished-at="2024-04-14T15:22:26 IST" duration-ms="497" status="PASS">
          <reporter-output>
          </reporter-output>
        </test-method> <!-- logoValidation -->
        <test-method is-config="true" signature="tearDown()[pri:0, instance:testCase.TS_01_ValidationOfHomePage@5dafbe45]" started-at="2024-04-14T15:22:26 IST" name="tearDown" finished-at="2024-04-14T15:22:33 IST" duration-ms="7499" status="PASS">
          <reporter-output>
          </reporter-output>
        </test-method> <!-- tearDown -->
        <test-method is-config="true" signature="beforeMethod(java.lang.String)[pri:0, instance:testCase.TS_01_ValidationOfHomePage@5dafbe45]" started-at="2024-04-14T15:22:33 IST" name="beforeMethod" finished-at="2024-04-14T15:22:41 IST" duration-ms="7443" status="PASS">
          <params>
            <param index="0">
              <value>
                <![CDATA[Edge]]>
              </value>
            </param>
          </params>
          <reporter-output>
          </reporter-output>
        </test-method> <!-- beforeMethod -->
        <test-method signature="downloadValidation()[pri:2, instance:testCase.TS_01_ValidationOfHomePage@5dafbe45]" started-at="2024-04-14T15:22:41 IST" name="downloadValidation" finished-at="2024-04-14T15:22:41 IST" duration-ms="273" status="PASS">
          <reporter-output>
          </reporter-output>
        </test-method> <!-- downloadValidation -->
        <test-method is-config="true" signature="tearDown()[pri:0, instance:testCase.TS_01_ValidationOfHomePage@5dafbe45]" started-at="2024-04-14T15:22:41 IST" name="tearDown" finished-at="2024-04-14T15:22:44 IST" duration-ms="3362" status="PASS">
          <reporter-output>
          </reporter-output>
        </test-method> <!-- tearDown -->
        <test-method is-config="true" signature="beforeMethod(java.lang.String)[pri:0, instance:testCase.TS_01_ValidationOfHomePage@5dafbe45]" started-at="2024-04-14T15:22:44 IST" name="beforeMethod" finished-at="2024-04-14T15:22:55 IST" duration-ms="11132" status="PASS">
          <params>
            <param index="0">
              <value>
                <![CDATA[Edge]]>
              </value>
            </param>
          </params>
          <reporter-output>
          </reporter-output>
        </test-method> <!-- beforeMethod -->
        <test-method signature="copyRightValidation()[pri:3, instance:testCase.TS_01_ValidationOfHomePage@5dafbe45]" started-at="2024-04-14T15:22:55 IST" name="copyRightValidation" finished-at="2024-04-14T15:22:56 IST" duration-ms="479" status="PASS">
          <reporter-output>
          </reporter-output>
        </test-method> <!-- copyRightValidation -->
        <test-method is-config="true" signature="tearDown()[pri:0, instance:testCase.TS_01_ValidationOfHomePage@5dafbe45]" started-at="2024-04-14T15:22:56 IST" name="tearDown" finished-at="2024-04-14T15:22:59 IST" duration-ms="3329" status="PASS">
          <reporter-output>
          </reporter-output>
        </test-method> <!-- tearDown -->
        <test-method is-config="true" signature="beforeMethod(java.lang.String)[pri:0, instance:testCase.TS_01_ValidationOfHomePage@5dafbe45]" started-at="2024-04-14T15:22:59 IST" name="beforeMethod" finished-at="2024-04-14T15:23:08 IST" duration-ms="8509" status="PASS">
          <params>
            <param index="0">
              <value>
                <![CDATA[Edge]]>
              </value>
            </param>
          </params>
          <reporter-output>
          </reporter-output>
        </test-method> <!-- beforeMethod -->
        <test-method signature="loginValidation()[pri:4, instance:testCase.TS_01_ValidationOfHomePage@5dafbe45]" started-at="2024-04-14T15:23:08 IST" name="loginValidation" finished-at="2024-04-14T15:23:08 IST" duration-ms="443" status="PASS">
          <reporter-output>
          </reporter-output>
        </test-method> <!-- loginValidation -->
        <test-method is-config="true" signature="tearDown()[pri:0, instance:testCase.TS_01_ValidationOfHomePage@5dafbe45]" started-at="2024-04-14T15:23:08 IST" name="tearDown" finished-at="2024-04-14T15:23:12 IST" duration-ms="3440" status="PASS">
          <reporter-output>
          </reporter-output>
        </test-method> <!-- tearDown -->
        <test-method is-config="true" signature="beforeMethod(java.lang.String)[pri:0, instance:testCase.TS_01_ValidationOfHomePage@5dafbe45]" started-at="2024-04-14T15:23:12 IST" name="beforeMethod" finished-at="2024-04-14T15:23:22 IST" duration-ms="10793" status="PASS">
          <params>
            <param index="0">
              <value>
                <![CDATA[Edge]]>
              </value>
            </param>
          </params>
          <reporter-output>
          </reporter-output>
        </test-method> <!-- beforeMethod -->
        <test-method signature="functionalityValidation()[pri:5, instance:testCase.TS_01_ValidationOfHomePage@5dafbe45]" started-at="2024-04-14T15:23:22 IST" name="functionalityValidation" finished-at="2024-04-14T15:23:23 IST" duration-ms="567" status="PASS">
          <reporter-output>
          </reporter-output>
        </test-method> <!-- functionalityValidation -->
        <test-method is-config="true" signature="tearDown()[pri:0, instance:testCase.TS_01_ValidationOfHomePage@5dafbe45]" started-at="2024-04-14T15:23:23 IST" name="tearDown" finished-at="2024-04-14T15:23:31 IST" duration-ms="8135" status="PASS">
          <reporter-output>
          </reporter-output>
        </test-method> <!-- tearDown -->
      </class> <!-- testCase.TS_01_ValidationOfHomePage -->
    </test> <!-- EdgeTest -->
  </suite> <!-- Suite -->
</testng-results>
